<?xml version="1.0" encoding="UTF-8"?>
<!-- Generated by org.testng.reporters.JUnitReportReporter -->
<testsuite hostname="HP" failures="0" tests="2" name="demoTestNg.DemoMethodsParallely" time="36.744" errors="0" timestamp="2021-07-23T17:28:14 IST" skipped="0">
  <testcase classname="demoTestNg.DemoMethodsParallely" name="tc2" time="17.952"/>
  <system-out/>
  <testcase classname="demoTestNg.DemoMethodsParallely" name="tc1" time="18.792"/>
  <system-out/>
</testsuite> <!-- demoTestNg.DemoMethodsParallely -->
