<?xml version="1.0" encoding="UTF-8"?>
<!-- Generated by org.testng.reporters.JUnitReportReporter -->
<testsuite hostname="HP" failures="0" tests="5" name="demoTestNg.ReadDataPro" time="104.106" errors="0" timestamp="2021-07-23T16:52:06 IST" skipped="0">
  <testcase classname="demoTestNg.ReadDataPro" name="tc" time="16.405"/>
  <system-out/>
  <testcase classname="demoTestNg.ReadDataPro" name="tc" time="25.921"/>
  <system-out/>
  <testcase classname="demoTestNg.ReadDataPro" name="tc" time="17.408"/>
  <system-out/>
  <testcase classname="demoTestNg.ReadDataPro" name="tc" time="27.097"/>
  <system-out/>
  <testcase classname="demoTestNg.ReadDataPro" name="tc" time="17.275"/>
  <system-out/>
</testsuite> <!-- demoTestNg.ReadDataPro -->
