<?xml version="1.0" encoding="UTF-8"?>
<!-- Generated by org.testng.reporters.JUnitReportReporter -->
<testsuite hostname="HP" failures="0" tests="2" name="demoTestNg.Demo1" time="22.548" errors="0" timestamp="2021-07-21T21:19:17 IST" skipped="0">
  <testcase classname="demoTestNg.Demo1" name="tc_01" time="11.841"/>
  <system-out/>
  <testcase classname="demoTestNg.Demo1" name="tc_02" time="10.707"/>
  <system-out/>
</testsuite> <!-- demoTestNg.Demo1 -->
