<?xml version="1.0" encoding="UTF-8"?>
<!-- Generated by org.testng.reporters.JUnitReportReporter -->
<testsuite hostname="HP" failures="0" tests="3" name="demoTestNg.DataProviderDemo" time="0.027" errors="0" timestamp="2021-07-23T16:50:09 IST" skipped="0">
  <testcase classname="demoTestNg.DataProviderDemo" name="tc" time="0.011"/>
  <system-out/>
  <testcase classname="demoTestNg.DataProviderDemo" name="tc" time="0.010"/>
  <system-out/>
  <testcase classname="demoTestNg.DataProviderDemo" name="tc" time="0.006"/>
  <system-out/>
</testsuite> <!-- demoTestNg.DataProviderDemo -->
