<?xml version="1.0" encoding="UTF-8"?>
<!-- Generated by org.testng.reporters.JUnitReportReporter -->
<testsuite hostname="HP" failures="0" tests="2" name="demoTestNg.Demo2" time="0.017" errors="0" timestamp="2021-07-22T16:28:47 IST" skipped="0">
  <testcase classname="demoTestNg.Demo2" name="tc1" time="0.012"/>
  <system-out/>
  <testcase classname="demoTestNg.Demo2" name="tc2" time="0.005"/>
  <system-out/>
</testsuite> <!-- demoTestNg.Demo2 -->
