<?xml version="1.0" encoding="UTF-8"?>
<!-- Generated by org.testng.reporters.JUnitReportReporter -->
<testsuite skipped="0" hostname="HP" name="demoTestNg.Demo2" tests="2" failures="0" timestamp="03 Aug 2021 10:45:27 GMT" time="0.002" errors="0">
  <testcase name="tc1" time="0.002" classname="demoTestNg.Demo2"/>
  <testcase name="tc2" time="0.000" classname="demoTestNg.Demo2"/>
</testsuite> <!-- demoTestNg.Demo2 -->
